TN:
SF:/Users/Erik/Projects/Cornerstone/cornerstoneMath/src/quaternion.js
FN:2,(anonymous_0)
FN:9,(anonymous_1)
FN:21,(anonymous_2)
FN:39,(anonymous_3)
FNF:4
FNH:2
FNDA:1,(anonymous_0)
FNDA:3,(anonymous_1)
FNDA:0,(anonymous_2)
FNDA:0,(anonymous_3)
DA:3,1
DA:4,1
DA:5,1
DA:6,1
DA:10,3
DA:11,3
DA:13,3
DA:14,3
DA:15,3
DA:16,3
DA:18,3
DA:22,0
DA:23,0
DA:24,0
DA:25,0
DA:26,0
DA:27,0
DA:28,0
DA:29,0
DA:31,0
DA:32,0
DA:33,0
DA:34,0
DA:36,0
DA:40,0
DA:42,0
DA:43,0
DA:44,0
DA:45,0
DA:46,0
DA:47,0
DA:48,0
DA:49,0
DA:50,0
DA:52,0
DA:55,0
DA:57,0
DA:59,0
DA:60,0
DA:61,0
DA:62,0
DA:64,0
DA:66,0
DA:68,0
DA:69,0
DA:70,0
DA:71,0
DA:73,0
DA:75,0
DA:77,0
DA:78,0
DA:79,0
DA:80,0
DA:84,0
DA:86,0
DA:87,0
DA:88,0
DA:89,0
DA:93,0
LF:59
LH:11
BRDA:3,0,0,1
BRDA:3,0,1,1
BRDA:4,1,0,1
BRDA:4,1,1,1
BRDA:5,2,0,1
BRDA:5,2,1,1
BRDA:6,3,0,0
BRDA:6,3,1,1
BRDA:55,4,0,0
BRDA:55,4,1,0
BRDA:64,5,0,0
BRDA:64,5,1,0
BRDA:64,6,0,0
BRDA:64,6,1,0
BRDA:73,7,0,0
BRDA:73,7,1,0
BRF:16
BRH:7
end_of_record
TN:
SF:/Users/Erik/Projects/Cornerstone/cornerstoneMath/src/math.js
FN:3,clamp
FN:7,degToRad
FN:14,radToDeg
FN:22,sign
FN:37,approximatelyEquals
FNF:5
FNH:1
FNDA:2,clamp
FNDA:0,degToRad
FNDA:0,radToDeg
FNDA:0,sign
FNDA:0,approximatelyEquals
DA:1,3
DA:4,2
DA:8,0
DA:11,0
DA:15,0
DA:18,0
DA:23,0
DA:38,0
DA:39,0
LF:9
LH:2
BRDA:4,0,0,0
BRDA:4,0,1,2
BRDA:4,1,0,0
BRDA:4,1,1,2
BRDA:23,2,0,0
BRDA:23,2,1,0
BRDA:23,3,0,0
BRDA:23,3,1,0
BRDA:23,4,0,0
BRDA:23,4,1,0
BRDA:23,5,0,0
BRDA:23,5,1,0
BRDA:38,6,0,0
BRDA:38,6,1,0
BRF:14
BRH:2
end_of_record
TN:
SF:/Users/Erik/Projects/Cornerstone/cornerstoneMath/src/vector3.js
FN:7,(anonymous_0)
FN:13,(anonymous_1)
FN:23,(anonymous_2)
FN:31,(anonymous_3)
FN:39,(anonymous_4)
FN:47,(anonymous_5)
FN:60,(anonymous_6)
FN:73,(anonymous_7)
FN:83,(anonymous_8)
FN:101,(anonymous_9)
FN:111,(anonymous_10)
FN:121,(anonymous_11)
FN:139,(anonymous_12)
FN:149,(anonymous_13)
FN:167,(anonymous_14)
FN:177,(anonymous_15)
FN:187,(anonymous_16)
FN:203,(anonymous_17)
FN:221,(anonymous_18)
FN:240,(anonymous_19)
FN:268,(anonymous_20)
FN:289,(anonymous_21)
FN:299,(anonymous_22)
FN:321,(anonymous_23)
FN:345,(anonymous_24)
FN:369,(anonymous_25)
FN:408,(anonymous_26)
FN:418,(anonymous_27)
FN:428,(anonymous_28)
FN:438,(anonymous_29)
FN:448,(anonymous_30)
FN:454,(anonymous_31)
FN:460,(anonymous_32)
FN:466,(anonymous_33)
FN:472,(anonymous_34)
FN:478,(anonymous_35)
FN:484,(anonymous_36)
FN:497,(anonymous_37)
FN:507,(anonymous_38)
FN:529,(anonymous_39)
FN:546,(anonymous_40)
FN:556,(anonymous_41)
FN:562,(anonymous_42)
FN:572,(anonymous_43)
FN:582,(anonymous_44)
FN:595,(anonymous_45)
FN:609,(anonymous_46)
FN:615,(anonymous_47)
FN:625,(anonymous_48)
FN:631,(anonymous_49)
FN:638,(anonymous_50)
FN:642,(anonymous_51)
FN:658,(anonymous_52)
FN:662,(anonymous_53)
FN:676,(anonymous_54)
FN:683,(anonymous_55)
FN:696,(anonymous_56)
FN:700,(anonymous_57)
FN:718,(anonymous_58)
FN:722,(anonymous_59)
FNF:60
FNH:59
FNDA:61,(anonymous_0)
FNDA:6,(anonymous_1)
FNDA:1,(anonymous_2)
FNDA:1,(anonymous_3)
FNDA:1,(anonymous_4)
FNDA:4,(anonymous_5)
FNDA:3,(anonymous_6)
FNDA:11,(anonymous_7)
FNDA:0,(anonymous_8)
FNDA:1,(anonymous_9)
FNDA:2,(anonymous_10)
FNDA:4,(anonymous_11)
FNDA:6,(anonymous_12)
FNDA:2,(anonymous_13)
FNDA:6,(anonymous_14)
FNDA:2,(anonymous_15)
FNDA:1,(anonymous_16)
FNDA:1,(anonymous_17)
FNDA:1,(anonymous_18)
FNDA:3,(anonymous_19)
FNDA:1,(anonymous_20)
FNDA:1,(anonymous_21)
FNDA:9,(anonymous_22)
FNDA:1,(anonymous_23)
FNDA:1,(anonymous_24)
FNDA:2,(anonymous_25)
FNDA:1,(anonymous_26)
FNDA:1,(anonymous_27)
FNDA:1,(anonymous_28)
FNDA:1,(anonymous_29)
FNDA:1,(anonymous_30)
FNDA:9,(anonymous_31)
FNDA:1,(anonymous_32)
FNDA:14,(anonymous_33)
FNDA:1,(anonymous_34)
FNDA:7,(anonymous_35)
FNDA:1,(anonymous_36)
FNDA:1,(anonymous_37)
FNDA:1,(anonymous_38)
FNDA:1,(anonymous_39)
FNDA:1,(anonymous_40)
FNDA:2,(anonymous_41)
FNDA:3,(anonymous_42)
FNDA:1,(anonymous_43)
FNDA:1,(anonymous_44)
FNDA:2,(anonymous_45)
FNDA:2,(anonymous_46)
FNDA:1,(anonymous_47)
FNDA:1,(anonymous_48)
FNDA:2,(anonymous_49)
FNDA:3,(anonymous_50)
FNDA:2,(anonymous_51)
FNDA:3,(anonymous_52)
FNDA:1,(anonymous_53)
FNDA:3,(anonymous_54)
FNDA:1,(anonymous_55)
FNDA:3,(anonymous_56)
FNDA:1,(anonymous_57)
FNDA:3,(anonymous_58)
FNDA:3,(anonymous_59)
DA:8,61
DA:9,61
DA:10,61
DA:15,6
DA:16,6
DA:17,6
DA:19,6
DA:25,1
DA:27,1
DA:33,1
DA:35,1
DA:41,1
DA:43,1
DA:49,4
DA:51,1
DA:52,1
DA:53,1
DA:54,1
DA:62,3
DA:64,1
DA:65,0
DA:66,1
DA:67,1
DA:75,11
DA:76,11
DA:77,11
DA:79,11
DA:85,0
DA:87,0
DA:89,0
DA:93,0
DA:94,0
DA:95,0
DA:97,0
DA:103,1
DA:104,1
DA:105,1
DA:107,1
DA:113,2
DA:114,2
DA:115,2
DA:117,2
DA:123,4
DA:125,1
DA:127,1
DA:131,3
DA:132,3
DA:133,3
DA:135,3
DA:141,6
DA:142,6
DA:143,6
DA:145,6
DA:151,2
DA:153,1
DA:155,1
DA:159,1
DA:160,1
DA:161,1
DA:163,1
DA:169,6
DA:170,6
DA:171,6
DA:173,6
DA:179,2
DA:180,2
DA:181,2
DA:183,2
DA:189,1
DA:190,1
DA:191,1
DA:193,1
DA:195,1
DA:196,1
DA:197,1
DA:199,1
DA:207,1
DA:208,1
DA:209,1
DA:211,1
DA:213,1
DA:214,1
DA:215,1
DA:217,1
DA:225,1
DA:226,1
DA:227,1
DA:229,1
DA:230,1
DA:232,1
DA:233,1
DA:234,1
DA:236,1
DA:242,3
DA:243,3
DA:244,3
DA:246,3
DA:247,3
DA:248,3
DA:249,3
DA:253,3
DA:254,3
DA:255,3
DA:256,3
DA:260,3
DA:261,3
DA:262,3
DA:264,3
DA:273,1
DA:274,1
DA:275,1
DA:277,1
DA:279,1
DA:280,1
DA:281,1
DA:283,1
DA:285,1
DA:291,1
DA:292,1
DA:293,1
DA:295,1
DA:301,9
DA:303,8
DA:305,8
DA:306,8
DA:307,8
DA:311,1
DA:312,1
DA:313,1
DA:317,9
DA:323,1
DA:325,0
DA:329,1
DA:331,0
DA:335,1
DA:337,1
DA:341,1
DA:347,1
DA:349,1
DA:353,1
DA:355,0
DA:359,1
DA:361,0
DA:365,1
DA:373,2
DA:375,0
DA:377,2
DA:379,2
DA:383,2
DA:385,1
DA:387,1
DA:389,1
DA:393,2
DA:395,1
DA:397,1
DA:399,0
DA:403,2
DA:410,1
DA:411,1
DA:412,1
DA:414,1
DA:420,1
DA:421,1
DA:422,1
DA:424,1
DA:430,1
DA:431,1
DA:432,1
DA:434,1
DA:440,1
DA:441,1
DA:442,1
DA:444,1
DA:450,1
DA:456,9
DA:462,1
DA:468,14
DA:474,1
DA:480,7
DA:486,1
DA:488,1
DA:490,1
DA:493,1
DA:499,1
DA:500,1
DA:501,1
DA:503,1
DA:509,1
DA:511,0
DA:513,0
DA:517,1
DA:518,1
DA:519,1
DA:521,1
DA:522,1
DA:523,1
DA:525,1
DA:531,1
DA:532,1
DA:533,1
DA:534,1
DA:535,1
DA:536,1
DA:538,1
DA:539,1
DA:540,1
DA:542,1
DA:548,1
DA:552,1
DA:558,2
DA:564,3
DA:565,3
DA:566,3
DA:568,3
DA:574,1
DA:575,1
DA:576,1
DA:578,1
DA:584,1
DA:585,1
DA:586,1
DA:588,1
DA:589,1
DA:590,1
DA:592,1
DA:597,2
DA:599,2
DA:601,2
DA:602,2
DA:603,2
DA:605,2
DA:611,2
DA:617,1
DA:618,1
DA:619,1
DA:621,1
DA:627,1
DA:633,2
DA:638,3
DA:642,3
DA:644,2
DA:645,1
DA:648,2
DA:650,2
DA:652,2
DA:658,3
DA:662,3
DA:664,1
DA:665,1
DA:668,1
DA:670,1
DA:676,3
DA:683,3
DA:685,1
DA:686,1
DA:689,1
DA:696,3
DA:700,3
DA:702,1
DA:704,1
DA:705,1
DA:709,1
DA:710,1
DA:712,1
DA:718,3
DA:722,3
DA:724,3
DA:725,1
DA:728,3
DA:730,3
LF:270
LH:254
BRDA:8,0,0,61
BRDA:8,0,1,27
BRDA:9,1,0,61
BRDA:9,1,1,27
BRDA:10,2,0,61
BRDA:10,2,1,31
BRDA:49,3,0,1
BRDA:49,3,1,1
BRDA:49,3,2,1
BRDA:49,3,3,1
BRDA:62,4,0,1
BRDA:62,4,1,0
BRDA:62,4,2,1
BRDA:62,4,3,1
BRDA:85,5,0,0
BRDA:85,5,1,0
BRDA:123,6,0,1
BRDA:123,6,1,3
BRDA:151,7,0,1
BRDA:151,7,1,1
BRDA:301,8,0,8
BRDA:301,8,1,1
BRDA:323,9,0,0
BRDA:323,9,1,1
BRDA:329,10,0,0
BRDA:329,10,1,1
BRDA:335,11,0,1
BRDA:335,11,1,0
BRDA:347,12,0,1
BRDA:347,12,1,0
BRDA:353,13,0,0
BRDA:353,13,1,1
BRDA:359,14,0,0
BRDA:359,14,1,1
BRDA:373,15,0,0
BRDA:373,15,1,2
BRDA:377,16,0,2
BRDA:377,16,1,0
BRDA:383,17,0,1
BRDA:383,17,1,1
BRDA:387,18,0,1
BRDA:387,18,1,0
BRDA:393,19,0,1
BRDA:393,19,1,1
BRDA:397,20,0,0
BRDA:397,20,1,1
BRDA:440,21,0,0
BRDA:440,21,1,1
BRDA:441,22,0,0
BRDA:441,22,1,1
BRDA:442,23,0,1
BRDA:442,23,1,0
BRDA:488,24,0,1
BRDA:488,24,1,0
BRDA:488,25,0,1
BRDA:488,25,1,1
BRDA:509,26,0,0
BRDA:509,26,1,1
BRDA:611,27,0,2
BRDA:611,27,1,1
BRDA:611,27,2,1
BRDA:644,28,0,1
BRDA:644,28,1,1
BRDA:664,29,0,1
BRDA:664,29,1,0
BRDA:685,30,0,1
BRDA:685,30,1,0
BRDA:702,31,0,1
BRDA:702,31,1,0
BRDA:724,32,0,1
BRDA:724,32,1,2
BRF:71
BRH:50
end_of_record
TN:
SF:/Users/Erik/Projects/Cornerstone/cornerstoneMath/src/Line3.js
FN:11,(anonymous_0)
FN:18,(anonymous_1)
FN:27,(anonymous_2)
FN:36,(anonymous_3)
FN:45,(anonymous_4)
FN:54,(anonymous_5)
FN:60,(anonymous_6)
FN:66,(anonymous_7)
FN:74,(anonymous_8)
FN:95,(anonymous_9)
FN:105,(anonymous_10)
FN:114,(anonymous_11)
FN:120,(anonymous_12)
FN:126,(anonymous_13)
FNF:14
FNH:5
FNDA:5,(anonymous_0)
FNDA:0,(anonymous_1)
FNDA:2,(anonymous_2)
FNDA:0,(anonymous_3)
FNDA:0,(anonymous_4)
FNDA:0,(anonymous_5)
FNDA:1,(anonymous_6)
FNDA:0,(anonymous_7)
FNDA:2,(anonymous_8)
FNDA:0,(anonymous_9)
FNDA:0,(anonymous_10)
FNDA:0,(anonymous_11)
FNDA:1,(anonymous_12)
FNDA:0,(anonymous_13)
DA:13,5
DA:14,5
DA:20,0
DA:21,0
DA:23,0
DA:29,2
DA:30,2
DA:32,2
DA:38,0
DA:41,0
DA:47,0
DA:50,0
DA:56,0
DA:62,1
DA:68,0
DA:70,0
DA:76,2
DA:77,2
DA:79,2
DA:80,2
DA:82,2
DA:83,2
DA:85,2
DA:87,2
DA:88,1
DA:91,2
DA:97,0
DA:99,0
DA:101,0
DA:107,0
DA:108,0
DA:110,0
DA:116,0
DA:122,1
DA:132,0
DA:133,0
DA:134,0
DA:136,0
DA:137,0
DA:141,0
DA:142,0
DA:143,0
DA:146,0
DA:149,0
DA:150,0
DA:153,0
DA:154,0
DA:156,0
DA:157,0
DA:160,0
LF:50
LH:17
BRDA:13,0,0,3
BRDA:13,0,1,2
BRDA:14,1,0,3
BRDA:14,1,1,2
BRDA:38,2,0,0
BRDA:38,2,1,0
BRDA:47,3,0,0
BRDA:47,3,1,0
BRDA:68,4,0,0
BRDA:68,4,1,0
BRDA:87,5,0,1
BRDA:87,5,1,1
BRDA:99,6,0,0
BRDA:99,6,1,0
BRDA:116,7,0,0
BRDA:116,7,1,0
BRDA:142,8,0,0
BRDA:142,8,1,0
BRDA:149,9,0,0
BRDA:149,9,1,0
BRDA:149,10,0,0
BRDA:149,10,1,0
BRDA:156,11,0,0
BRDA:156,11,1,0
BRF:24
BRH:6
end_of_record
TN:
SF:/Users/Erik/Projects/Cornerstone/cornerstoneMath/src/lineSegment.js
FN:4,sqr
FN:8,dist2
FN:12,distanceToPointSquared
FN:37,distanceToPoint
FN:42,intersectLine
FNF:5
FNH:0
FNDA:0,sqr
FNDA:0,dist2
FNDA:0,distanceToPointSquared
FNDA:0,distanceToPoint
FNDA:0,intersectLine
DA:5,0
DA:9,0
DA:13,0
DA:15,0
DA:16,0
DA:18,0
DA:21,0
DA:22,0
DA:24,0
DA:25,0
DA:28,0
DA:34,0
DA:38,0
DA:43,0
DA:45,0
DA:46,0
DA:47,0
DA:48,0
DA:49,0
DA:50,0
DA:51,0
DA:52,0
DA:63,0
DA:64,0
DA:65,0
DA:68,0
DA:69,0
DA:75,0
DA:78,0
DA:82,0
DA:83,0
DA:84,0
DA:87,0
DA:88,0
DA:95,0
DA:98,0
DA:104,0
DA:111,0
DA:112,0
DA:114,0
DA:115,0
DA:117,0
DA:118,0
DA:120,0
DA:124,1
LF:45
LH:1
BRDA:15,0,0,0
BRDA:15,0,1,0
BRDA:21,1,0,0
BRDA:21,1,1,0
BRDA:24,2,0,0
BRDA:24,2,1,0
BRDA:75,3,0,0
BRDA:75,3,1,0
BRDA:75,4,0,0
BRDA:75,4,1,0
BRDA:75,4,2,0
BRDA:95,5,0,0
BRDA:95,5,1,0
BRDA:95,6,0,0
BRDA:95,6,1,0
BRDA:95,6,2,0
BRF:16
BRH:0
end_of_record
TN:
SF:/Users/Erik/Projects/Cornerstone/cornerstoneMath/src/matrix4.js
FN:6,(anonymous_0)
FN:21,(anonymous_1)
FN:67,(anonymous_2)
FN:129,(anonymous_3)
FN:141,(anonymous_4)
FN:208,(anonymous_5)
FN:212,(anonymous_6)
FN:241,(anonymous_7)
FN:254,(anonymous_8)
FN:267,(anonymous_9)
FN:280,(anonymous_10)
FNF:11
FNH:1
FNDA:4,(anonymous_0)
FNDA:0,(anonymous_1)
FNDA:0,(anonymous_2)
FNDA:0,(anonymous_3)
FNDA:0,(anonymous_4)
FNDA:0,(anonymous_5)
FNDA:0,(anonymous_6)
FNDA:0,(anonymous_7)
FNDA:0,(anonymous_8)
FNDA:0,(anonymous_9)
FNDA:0,(anonymous_10)
DA:7,4
DA:12,4
DA:14,4
DA:15,4
DA:16,4
DA:17,4
DA:22,0
DA:24,0
DA:25,0
DA:26,0
DA:27,0
DA:28,0
DA:29,0
DA:30,0
DA:31,0
DA:32,0
DA:33,0
DA:34,0
DA:35,0
DA:36,0
DA:37,0
DA:38,0
DA:39,0
DA:41,0
DA:42,0
DA:43,0
DA:45,0
DA:46,0
DA:47,0
DA:49,0
DA:50,0
DA:51,0
DA:54,0
DA:55,0
DA:56,0
DA:59,0
DA:60,0
DA:61,0
DA:62,0
DA:64,0
DA:68,0
DA:69,0
DA:70,0
DA:72,0
DA:73,0
DA:74,0
DA:75,0
DA:76,0
DA:77,0
DA:78,0
DA:79,0
DA:80,0
DA:81,0
DA:82,0
DA:83,0
DA:84,0
DA:85,0
DA:86,0
DA:87,0
DA:89,0
DA:90,0
DA:91,0
DA:92,0
DA:93,0
DA:94,0
DA:95,0
DA:96,0
DA:97,0
DA:98,0
DA:99,0
DA:100,0
DA:101,0
DA:102,0
DA:103,0
DA:104,0
DA:106,0
DA:107,0
DA:108,0
DA:109,0
DA:111,0
DA:112,0
DA:113,0
DA:114,0
DA:116,0
DA:117,0
DA:118,0
DA:119,0
DA:121,0
DA:122,0
DA:123,0
DA:124,0
DA:126,0
DA:131,0
DA:133,0
DA:135,0
DA:138,0
DA:144,0
DA:145,0
DA:147,0
DA:148,0
DA:149,0
DA:150,0
DA:151,0
DA:152,0
DA:153,0
DA:154,0
DA:155,0
DA:156,0
DA:157,0
DA:158,0
DA:159,0
DA:160,0
DA:161,0
DA:162,0
DA:164,0
DA:165,0
DA:166,0
DA:167,0
DA:168,0
DA:169,0
DA:170,0
DA:171,0
DA:172,0
DA:173,0
DA:174,0
DA:175,0
DA:176,0
DA:177,0
DA:178,0
DA:179,0
DA:181,0
DA:183,0
DA:185,0
DA:187,0
DA:189,0
DA:193,0
DA:197,0
DA:199,0
DA:202,0
DA:204,0
DA:210,0
DA:212,0
DA:214,0
DA:215,0
DA:217,0
DA:218,0
DA:221,0
DA:223,0
DA:224,0
DA:225,0
DA:227,0
DA:229,0
DA:230,0
DA:231,0
DA:235,0
DA:243,0
DA:250,0
DA:256,0
DA:258,0
DA:259,0
DA:260,0
DA:261,0
DA:263,0
DA:269,0
DA:271,0
DA:272,0
DA:273,0
DA:274,0
DA:276,0
DA:282,0
DA:289,0
LF:171
LH:6
BRDA:14,0,0,3
BRDA:14,0,1,1
BRDA:14,1,0,4
BRDA:14,1,1,1
BRDA:14,2,0,4
BRDA:14,2,1,1
BRDA:14,3,0,4
BRDA:14,3,1,1
BRDA:15,4,0,4
BRDA:15,4,1,1
BRDA:15,5,0,3
BRDA:15,5,1,1
BRDA:15,6,0,4
BRDA:15,6,1,1
BRDA:15,7,0,4
BRDA:15,7,1,1
BRDA:16,8,0,4
BRDA:16,8,1,1
BRDA:16,9,0,4
BRDA:16,9,1,1
BRDA:16,10,0,3
BRDA:16,10,1,1
BRDA:16,11,0,4
BRDA:16,11,1,1
BRDA:17,12,0,4
BRDA:17,12,1,1
BRDA:17,13,0,4
BRDA:17,13,1,1
BRDA:17,14,0,4
BRDA:17,14,1,1
BRDA:17,15,0,3
BRDA:17,15,1,1
BRDA:131,16,0,0
BRDA:131,16,1,0
BRDA:183,17,0,0
BRDA:183,17,1,0
BRDA:187,18,0,0
BRDA:187,18,1,0
BRDA:187,19,0,0
BRDA:187,19,1,0
BRDA:214,20,0,0
BRDA:214,20,1,0
BRDA:217,21,0,0
BRDA:217,21,1,0
BRF:44
BRH:32
end_of_record
TN:
SF:/Users/Erik/Projects/Cornerstone/cornerstoneMath/src/plane.js
FN:9,(anonymous_0)
FN:16,(anonymous_1)
FN:25,(anonymous_2)
FN:34,(anonymous_3)
FN:44,(anonymous_4)
FN:53,(anonymous_5)
FN:66,(anonymous_6)
FN:75,(anonymous_7)
FN:81,(anonymous_8)
FN:87,(anonymous_9)
FN:93,(anonymous_10)
FN:104,(anonymous_11)
FN:115,(anonymous_12)
FN:143,(anonymous_13)
FN:152,(anonymous_14)
FN:160,(anonymous_15)
FN:166,(anonymous_16)
FN:173,(anonymous_17)
FN:178,(anonymous_18)
FN:192,(anonymous_19)
FN:196,(anonymous_20)
FNF:21
FNH:2
FNDA:0,(anonymous_0)
FNDA:0,(anonymous_1)
FNDA:0,(anonymous_2)
FNDA:0,(anonymous_3)
FNDA:0,(anonymous_4)
FNDA:0,(anonymous_5)
FNDA:0,(anonymous_6)
FNDA:0,(anonymous_7)
FNDA:0,(anonymous_8)
FNDA:0,(anonymous_9)
FNDA:0,(anonymous_10)
FNDA:0,(anonymous_11)
FNDA:0,(anonymous_12)
FNDA:0,(anonymous_13)
FNDA:0,(anonymous_14)
FNDA:0,(anonymous_15)
FNDA:0,(anonymous_16)
FNDA:1,(anonymous_17)
FNDA:0,(anonymous_18)
FNDA:1,(anonymous_19)
FNDA:0,(anonymous_20)
DA:11,0
DA:12,0
DA:18,0
DA:19,0
DA:21,0
DA:27,0
DA:28,0
DA:30,0
DA:36,0
DA:38,0
DA:40,0
DA:46,0
DA:47,0
DA:49,0
DA:57,0
DA:59,0
DA:60,0
DA:62,0
DA:68,0
DA:69,0
DA:71,0
DA:77,0
DA:83,0
DA:89,0
DA:95,0
DA:97,0
DA:100,0
DA:108,0
DA:109,0
DA:111,0
DA:117,0
DA:118,0
DA:119,0
DA:125,0
DA:126,0
DA:128,0
DA:131,0
DA:132,0
DA:133,0
DA:135,0
DA:136,0
DA:138,0
DA:140,0
DA:145,0
DA:148,0
DA:154,0
DA:156,0
DA:162,0
DA:168,0
DA:173,1
DA:175,1
DA:176,1
DA:178,1
DA:180,0
DA:184,0
DA:186,0
DA:192,1
DA:194,1
DA:196,1
DA:198,0
DA:200,0
DA:202,0
DA:204,0
DA:207,0
DA:209,0
DA:214,0
DA:218,0
DA:220,0
DA:222,0
DA:226,0
LF:70
LH:7
BRDA:11,0,0,0
BRDA:11,0,1,0
BRDA:12,1,0,0
BRDA:12,1,1,0
BRDA:97,2,0,0
BRDA:97,2,1,0
BRDA:111,3,0,0
BRDA:111,3,1,0
BRDA:111,3,2,0
BRDA:111,3,3,0
BRDA:125,4,0,0
BRDA:125,4,1,0
BRDA:145,5,0,0
BRDA:145,5,1,0
BRDA:162,6,0,0
BRDA:162,6,1,0
BRDA:198,7,0,0
BRDA:198,7,1,0
BRDA:204,8,0,0
BRDA:204,8,1,0
BRDA:207,9,0,0
BRDA:207,9,1,0
BRDA:220,10,0,0
BRDA:220,10,1,0
BRDA:220,11,0,0
BRDA:220,11,1,0
BRF:26
BRH:0
end_of_record
TN:
SF:/Users/Erik/Projects/Cornerstone/cornerstoneMath/src/point.js
FN:1,pageToPoint
FN:8,subtract
FN:15,copy
FN:22,distance
FN:26,distanceSquared
FN:33,insideRect
FN:52,findClosestPoint
FN:56,(anonymous_7)
FNF:8
FNH:0
FNDA:0,pageToPoint
FNDA:0,subtract
FNDA:0,copy
FNDA:0,distance
FNDA:0,distanceSquared
FNDA:0,insideRect
FNDA:0,findClosestPoint
FNDA:0,(anonymous_7)
DA:2,0
DA:9,0
DA:16,0
DA:23,0
DA:27,0
DA:30,0
DA:34,0
DA:38,0
DA:41,0
DA:53,0
DA:56,0
DA:57,0
DA:59,0
DA:61,0
DA:62,0
DA:64,0
DA:68,0
DA:71,0
DA:74,1
LF:19
LH:1
BRDA:34,0,0,0
BRDA:34,0,1,0
BRDA:34,1,0,0
BRDA:34,1,1,0
BRDA:34,1,2,0
BRDA:34,1,3,0
BRDA:61,2,0,0
BRDA:61,2,1,0
BRF:8
BRH:0
end_of_record
TN:
SF:/Users/Erik/Projects/Cornerstone/cornerstoneMath/src/rect.js
FN:3,rectToLineSegments
FN:54,distanceToPoint
FN:58,(anonymous_2)
FN:70,rectToPoints
FN:86,doesIntersect
FN:121,getIntersectionRect
FNF:6
FNH:0
FNDA:0,rectToLineSegments
FNDA:0,distanceToPoint
FNDA:0,(anonymous_2)
FNDA:0,rectToPoints
FNDA:0,doesIntersect
FNDA:0,getIntersectionRect
DA:4,0
DA:15,0
DA:26,0
DA:37,0
DA:48,0
DA:51,0
DA:55,0
DA:56,0
DA:58,0
DA:59,0
DA:61,0
DA:62,0
DA:66,0
DA:71,0
DA:82,0
DA:90,0
DA:91,0
DA:93,0
DA:94,0
DA:95,0
DA:97,0
DA:99,0
DA:100,0
DA:102,0
DA:105,0
DA:106,0
DA:107,0
DA:109,0
DA:111,0
DA:112,0
DA:114,0
DA:117,0
DA:122,0
DA:127,0
DA:128,0
DA:131,0
DA:132,0
DA:134,0
DA:135,0
DA:136,0
DA:137,0
DA:139,0
DA:140,0
DA:142,0
DA:143,0
DA:144,0
DA:146,0
DA:147,0
DA:150,0
DA:151,0
DA:152,0
DA:153,0
DA:155,0
DA:156,0
DA:158,0
DA:159,0
DA:160,0
DA:162,0
DA:163,0
DA:167,0
DA:171,1
LF:61
LH:1
BRDA:61,0,0,0
BRDA:61,0,1,0
BRDA:93,1,0,0
BRDA:93,1,1,0
BRDA:94,2,0,0
BRDA:94,2,1,0
BRDA:95,3,0,0
BRDA:95,3,1,0
BRDA:97,4,0,0
BRDA:97,4,1,0
BRDA:99,5,0,0
BRDA:99,5,1,0
BRDA:100,6,0,0
BRDA:100,6,1,0
BRDA:102,7,0,0
BRDA:102,7,1,0
BRDA:105,8,0,0
BRDA:105,8,1,0
BRDA:106,9,0,0
BRDA:106,9,1,0
BRDA:107,10,0,0
BRDA:107,10,1,0
BRDA:109,11,0,0
BRDA:109,11,1,0
BRDA:111,12,0,0
BRDA:111,12,1,0
BRDA:112,13,0,0
BRDA:112,13,1,0
BRDA:114,14,0,0
BRDA:114,14,1,0
BRDA:117,15,0,0
BRDA:117,15,1,0
BRDA:127,16,0,0
BRDA:127,16,1,0
BRDA:134,17,0,0
BRDA:134,17,1,0
BRDA:135,18,0,0
BRDA:135,18,1,0
BRDA:142,19,0,0
BRDA:142,19,1,0
BRDA:150,20,0,0
BRDA:150,20,1,0
BRDA:151,21,0,0
BRDA:151,21,1,0
BRDA:158,22,0,0
BRDA:158,22,1,0
BRF:46
BRH:0
end_of_record
TN:
SF:/Users/Erik/Projects/Cornerstone/cornerstoneMath/src/index.js
FNF:0
FNH:0
DA:15,1
LF:1
LH:1
BRF:0
BRH:0
end_of_record
